0 info it worked if it ends with ok
1 verbose cli [ '/usr/bin/nodejs', '/usr/bin/npm', 'run', 'dev:watch' ]
2 info using npm@3.10.3
3 info using node@v6.3.1
4 verbose run-script [ 'predev:watch', 'dev:watch', 'postdev:watch' ]
5 info lifecycle Statisfy@1.0.0~predev:watch: Statisfy@1.0.0
6 silly lifecycle Statisfy@1.0.0~predev:watch: no script for predev:watch, continuing
7 info lifecycle Statisfy@1.0.0~dev:watch: Statisfy@1.0.0
8 verbose lifecycle Statisfy@1.0.0~dev:watch: unsafe-perm in lifecycle true
9 verbose lifecycle Statisfy@1.0.0~dev:watch: PATH: /usr/lib/node_modules/npm/bin/node-gyp-bin:/home/gwedin/Desktop/projects/statisfy/node_modules/.bin:/usr/bin:/usr/local/sbin:/usr/local/bin:/usr/sbin:/usr/bin:/sbin:/bin:/usr/games:/usr/local/games:/snap/bin
10 verbose lifecycle Statisfy@1.0.0~dev:watch: CWD: /home/gwedin/Desktop/projects/statisfy
11 silly lifecycle Statisfy@1.0.0~dev:watch: Args: [ '-c', 'webpack --watch -F & nodemon server.js' ]
12 silly lifecycle Statisfy@1.0.0~dev:watch: Returned: code: 1  signal: null
13 info lifecycle Statisfy@1.0.0~dev:watch: Failed to exec dev:watch script
14 verbose stack Error: Statisfy@1.0.0 dev:watch: `webpack --watch -F & nodemon server.js`
14 verbose stack Exit status 1
14 verbose stack     at EventEmitter.<anonymous> (/usr/lib/node_modules/npm/lib/utils/lifecycle.js:242:16)
14 verbose stack     at emitTwo (events.js:106:13)
14 verbose stack     at EventEmitter.emit (events.js:191:7)
14 verbose stack     at ChildProcess.<anonymous> (/usr/lib/node_modules/npm/lib/utils/spawn.js:40:14)
14 verbose stack     at emitTwo (events.js:106:13)
14 verbose stack     at ChildProcess.emit (events.js:191:7)
14 verbose stack     at maybeClose (internal/child_process.js:852:16)
14 verbose stack     at Process.ChildProcess._handle.onexit (internal/child_process.js:215:5)
15 verbose pkgid Statisfy@1.0.0
16 verbose cwd /home/gwedin/Desktop/projects/statisfy
17 error Linux 4.4.0-31-generic
18 error argv "/usr/bin/nodejs" "/usr/bin/npm" "run" "dev:watch"
19 error node v6.3.1
20 error npm  v3.10.3
21 error code ELIFECYCLE
22 error Statisfy@1.0.0 dev:watch: `webpack --watch -F & nodemon server.js`
22 error Exit status 1
23 error Failed at the Statisfy@1.0.0 dev:watch script 'webpack --watch -F & nodemon server.js'.
23 error Make sure you have the latest version of node.js and npm installed.
23 error If you do, this is most likely a problem with the Statisfy package,
23 error not with npm itself.
23 error Tell the author that this fails on your system:
23 error     webpack --watch -F & nodemon server.js
23 error You can get information on how to open an issue for this project with:
23 error     npm bugs Statisfy
23 error Or if that isn't available, you can get their info via:
23 error     npm owner ls Statisfy
23 error There is likely additional logging output above.
24 verbose exit [ 1, true ]
